<?xml version="1.0" encoding="UTF-8"?>
<!-- Generated by org.testng.reporters.JUnitReportReporter -->
<testsuite skipped="0" name="system_scripts.Script_1" tests="1" failures="0" timestamp="20 Jun 2018 06:37:53 GMT" time="35.741" errors="0">
  <testcase name="test1" time="35.741" classname="system_scripts.Script_1"/>
</testsuite> <!-- system_scripts.Script_1 -->
