<?xml version="1.0" encoding="UTF-8"?>
<!-- Generated by org.testng.reporters.JUnitReportReporter -->
<testsuite skipped="0" name="system_scripts.Script_2" tests="1" failures="0" timestamp="20 Jun 2018 06:37:53 GMT" time="80.586" errors="0">
  <testcase name="test2" time="80.586" classname="system_scripts.Script_2"/>
</testsuite> <!-- system_scripts.Script_2 -->
